#
# A fatal error has been detected by the Java Runtime Environment:
#
#  EXCEPTION_ACCESS_VIOLATION (0xc0000005) at pc=0x66aa7f00, pid=12880, tid=0x00001de8
#
# JRE version: Java(TM) SE Runtime Environment (8.0_144-b01) (build 1.8.0_144-b01)
# Java VM: Java HotSpot(TM) Client VM (25.144-b01 mixed mode windows-x86 )
# Problematic frame:
# C  0x66aa7f00
#
# Failed to write core dump. Minidumps are not enabled by default on client versions of Windows
#
# If you would like to submit a bug report, please visit:
#   http://bugreport.java.com/bugreport/crash.jsp
# The crash happened outside the Java Virtual Machine in native code.
# See problematic frame for where to report the bug.
#

---------------  T H R E A D  ---------------

Current thread (0x66b3fc00):  JavaThread "Daemon worker" [_thread_in_native, id=7656, stack(0x67320000,0x67370000)]

siginfo: ExceptionCode=0xc0000005, ExceptionInformation=0x00000008 0x66aa7f00

Registers:
EAX=0x00000004, EBX=0x66b3fd40, ECX=0x00000000, EDX=0x662ca3cc
ESP=0x6736ce88, EBP=0x6736ceb8, ESI=0x6736ced8, EDI=0x69d0d690
EIP=0x66aa7f00, EFLAGS=0x00010216

Top of Stack: (sp=0x6736ce88)
0x6736ce88:   6736cf68 00000000 6d1a8d7c 6d1a8e5c
0x6736ce98:   69f22678 00000000 00000002 66abc10c
0x6736cea8:   6ba7fa58 6ba7fa58 6736cee4 6736cef0
0x6736ceb8:   6736cf18 6bb8753d 66aa7f40 66abbd18
0x6736cec8:   66abbd20 66abc10c 000003ec 0300bd99
0x6736ced8:   00000000 00000000 00000000 6736cf0c
0x6736cee8:   6cf50d00 66b3fc00 00000006 00000008
0x6736cef8:   66b3fc00 6ba7fa50 6ba7fa58 6ba7fa58 

Instructions: (pc=0x66aa7f00)
0x66aa7ee0:   0a 00 0a 00 84 47 bc 0b 6e 65 77 54 72 65 65 53
0x66aa7ef0:   65 74 00 00 00 65 72 00 ce 67 94 b2 00 41 00 88
0x66aa7f00:   10 00 09 00 e3 09 21 26 69 6d 6d 75 74 61 62 6c
0x66aa7f10:   65 45 6e 75 6d 53 65 74 f2 67 90 b2 00 42 00 88 


Register to memory mapping:

EAX=0x00000004 is an unknown value
EBX=0x66b3fd40 is an unknown value
ECX=0x00000000 is an unknown value
EDX=0x662ca3cc is an unknown value
ESP=0x6736ce88 is pointing into the stack for thread: 0x66b3fc00
EBP=0x6736ceb8 is pointing into the stack for thread: 0x66b3fc00
ESI=0x6736ced8 is pointing into the stack for thread: 0x66b3fc00
EDI=0x69d0d690 is an unknown value


Stack: [0x67320000,0x67370000],  sp=0x6736ce88,  free space=307k
Native frames: (J=compiled Java code, j=interpreted, Vv=VM code, C=native code)
C  0x66aa7f00
C  [libaapt2_jni.dll+0x2753d]
j  com.android.tools.aapt2.Aapt2Jni.nativeCompile(Ljava/util/List;Lcom/android/tools/aapt2/Aapt2JniLogCallback;)I+0
j  com.android.tools.aapt2.Aapt2Jni.compile(Ljava/util/List;)Lcom/android/tools/aapt2/Aapt2Result;+6
j  com.android.builder.internal.aapt.v2.AaptV2Jni.lambda$compile$0(Lcom/android/ide/common/res2/CompileResourceRequest;)Ljava/io/File;+10
j  com.android.builder.internal.aapt.v2.AaptV2Jni$$Lambda$315.call()Ljava/lang/Object;+8
j  java.util.concurrent.ForkJoinTask$AdaptedCallable.exec()Z+5
j  java.util.concurrent.ForkJoinTask.doExec()I+10
j  java.util.concurrent.ForkJoinTask.externalInterruptibleAwaitDone()I+55
j  java.util.concurrent.ForkJoinTask.get()Ljava/lang/Object;+17
j  com.android.ide.common.res2.MergedResourceWriter.postWriteAction()V+635
j  com.android.ide.common.res2.MergeWriter.end()V+1
j  com.android.ide.common.res2.MergedResourceWriter.end()V+1
J 4523% C1 com.android.ide.common.res2.DataMerger.mergeData(Lcom/android/ide/common/res2/MergeConsumer;Z)V (603 bytes) @ 0x030f68cc [0x030f5fc0+0x90c]
j  com.android.ide.common.res2.ResourceMerger.mergeData(Lcom/android/ide/common/res2/MergeConsumer;Z)V+7
j  com.android.build.gradle.tasks.MergeResources.doFullTaskAction()V+201
j  com.android.build.gradle.internal.tasks.IncrementalTask.taskAction(Lorg/gradle/api/tasks/incremental/IncrementalTaskInputs;)V+33
v  ~StubRoutines::call_stub
V  [jvm.dll+0x15af45]
V  [jvm.dll+0x2213ae]
V  [jvm.dll+0x15afde]
V  [jvm.dll+0x167758]
V  [jvm.dll+0x1679c3]
V  [jvm.dll+0x104093]
C  [java.dll+0x3b26]
J 2834 C1 sun.reflect.NativeMethodAccessorImpl.invoke(Ljava/lang/Object;[Ljava/lang/Object;)Ljava/lang/Object; (104 bytes) @ 0x03524da4 [0x03524b00+0x2a4]
J 528 C1 sun.reflect.DelegatingMethodAccessorImpl.invoke(Ljava/lang/Object;[Ljava/lang/Object;)Ljava/lang/Object; (10 bytes) @ 0x03110e80 [0x03110e50+0x30]
J 527 C1 java.lang.reflect.Method.invoke(Ljava/lang/Object;[Ljava/lang/Object;)Ljava/lang/Object; (62 bytes) @ 0x03110b94 [0x03110ac0+0xd4]
J 3834 C1 org.gradle.internal.reflect.JavaMethod.invoke(Ljava/lang/Object;[Ljava/lang/Object;)Ljava/lang/Object; (74 bytes) @ 0x0308a860 [0x0308a820+0x40]
j  org.gradle.api.internal.project.taskfactory.DefaultTaskClassInfoStore$IncrementalTaskAction.doExecute(Lorg/gradle/api/Task;Ljava/lang/String;)V+35
j  org.gradle.api.internal.project.taskfactory.DefaultTaskClassInfoStore$StandardTaskAction.execute(Lorg/gradle/api/Task;)V+32
j  org.gradle.api.internal.project.taskfactory.DefaultTaskClassInfoStore$StandardTaskAction.execute(Ljava/lang/Object;)V+5
j  org.gradle.api.internal.tasks.execution.ExecuteActionsTaskExecuter$1.run(Lorg/gradle/internal/operations/BuildOperationContext;)V+23
j  org.gradle.internal.progress.DefaultBuildOperationExecutor$RunnableBuildOperationWorker.execute(Lorg/gradle/internal/operations/RunnableBuildOperation;Lorg/gradle/internal/operations/BuildOperationContext;)V+2
j  org.gradle.internal.progress.DefaultBuildOperationExecutor$RunnableBuildOperationWorker.execute(Lorg/gradle/internal/operations/BuildOperation;Lorg/gradle/internal/operations/BuildOperationContext;)V+6
j  org.gradle.internal.progress.DefaultBuildOperationExecutor.execute(Lorg/gradle/internal/operations/BuildOperation;Lorg/gradle/internal/operations/BuildOperationWorker;Lorg/gradle/internal/progress/DefaultBuildOperationExecutor$DefaultBuildOperationState;)V+177
j  org.gradle.internal.progress.DefaultBuildOperationExecutor.run(Lorg/gradle/internal/operations/RunnableBuildOperation;)V+20
j  org.gradle.api.internal.tasks.execution.ExecuteActionsTaskExecuter.executeAction(Ljava/lang/String;Lorg/gradle/api/internal/TaskInternal;Lorg/gradle/api/internal/tasks/ContextAwareTaskAction;Lorg/gradle/api/internal/tasks/TaskExecutionContext;)V+23
j  org.gradle.api.internal.tasks.execution.ExecuteActionsTaskExecuter.executeActions(Lorg/gradle/api/internal/TaskInternal;Lorg/gradle/api/internal/tasks/TaskStateInternal;Lorg/gradle/api/internal/tasks/TaskExecutionContext;)Lorg/gradle/api/GradleException;+131
j  org.gradle.api.internal.tasks.execution.ExecuteActionsTaskExecuter.execute(Lorg/gradle/api/internal/TaskInternal;Lorg/gradle/api/internal/tasks/TaskStateInternal;Lorg/gradle/api/internal/tasks/TaskExecutionContext;)V+42
j  org.gradle.api.internal.tasks.execution.SkipUpToDateTaskExecuter.execute(Lorg/gradle/api/internal/TaskInternal;Lorg/gradle/api/internal/tasks/TaskStateInternal;Lorg/gradle/api/internal/tasks/TaskExecutionContext;)V+124
j  org.gradle.api.internal.tasks.execution.ResolveTaskOutputCachingStateExecuter.execute(Lorg/gradle/api/internal/TaskInternal;Lorg/gradle/api/internal/tasks/TaskStateInternal;Lorg/gradle/api/internal/tasks/TaskExecutionContext;)V+96
j  org.gradle.api.internal.tasks.execution.ValidatingTaskExecuter.execute(Lorg/gradle/api/internal/TaskInternal;Lorg/gradle/api/internal/tasks/TaskStateInternal;Lorg/gradle/api/internal/tasks/TaskExecutionContext;)V+215
j  org.gradle.api.internal.tasks.execution.SkipEmptySourceFilesTaskExecuter.execute(Lorg/gradle/api/internal/TaskInternal;Lorg/gradle/api/internal/tasks/TaskStateInternal;Lorg/gradle/api/internal/tasks/TaskExecutionContext;)V+335
j  org.gradle.api.internal.tasks.execution.ResolveTaskArtifactStateTaskExecuter.execute(Lorg/gradle/api/internal/TaskInternal;Lorg/gradle/api/internal/tasks/TaskStateInternal;Lorg/gradle/api/internal/tasks/TaskExecutionContext;)V+72
j  org.gradle.api.internal.tasks.execution.SkipTaskWithNoActionsExecuter.execute(Lorg/gradle/api/internal/TaskInternal;Lorg/gradle/api/internal/tasks/TaskStateInternal;Lorg/gradle/api/internal/tasks/TaskExecutionContext;)V+124
j  org.gradle.api.internal.tasks.execution.SkipOnlyIfTaskExecuter.execute(Lorg/gradle/api/internal/TaskInternal;Lorg/gradle/api/internal/tasks/TaskStateInternal;Lorg/gradle/api/internal/tasks/TaskExecutionContext;)V+85
j  org.gradle.api.internal.tasks.execution.ExecuteAtMostOnceTaskExecuter.execute(Lorg/gradle/api/internal/TaskInternal;Lorg/gradle/api/internal/tasks/TaskStateInternal;Lorg/gradle/api/internal/tasks/TaskExecutionContext;)V+26
j  org.gradle.api.internal.tasks.execution.CatchExceptionTaskExecuter.execute(Lorg/gradle/api/internal/TaskInternal;Lorg/gradle/api/internal/tasks/TaskStateInternal;Lorg/gradle/api/internal/tasks/TaskExecutionContext;)V+7
j  org.gradle.execution.taskgraph.DefaultTaskGraphExecuter$EventFiringTaskWorker$1.run(Lorg/gradle/internal/operations/BuildOperationContext;)V+56
j  org.gradle.internal.progress.DefaultBuildOperationExecutor$RunnableBuildOperationWorker.execute(Lorg/gradle/internal/operations/RunnableBuildOperation;Lorg/gradle/internal/operations/BuildOperationContext;)V+2
j  org.gradle.internal.progress.DefaultBuildOperationExecutor$RunnableBuildOperationWorker.execute(Lorg/gradle/internal/operations/BuildOperation;Lorg/gradle/internal/operations/BuildOperationContext;)V+6
j  org.gradle.internal.progress.DefaultBuildOperationExecutor.execute(Lorg/gradle/internal/operations/BuildOperation;Lorg/gradle/internal/operations/BuildOperationWorker;Lorg/gradle/internal/progress/DefaultBuildOperationExecutor$DefaultBuildOperationState;)V+177
j  org.gradle.internal.progress.DefaultBuildOperationExecutor.run(Lorg/gradle/internal/operations/RunnableBuildOperation;)V+20
j  org.gradle.execution.taskgraph.DefaultTaskGraphExecuter$EventFiringTaskWorker.execute(Lorg/gradle/api/internal/TaskInternal;)V+16
j  org.gradle.execution.taskgraph.DefaultTaskGraphExecuter$EventFiringTaskWorker.execute(Ljava/lang/Object;)V+5
j  org.gradle.execution.taskgraph.DefaultTaskPlanExecutor$TaskExecutorWorker.processTask(Lorg/gradle/execution/taskgraph/TaskInfo;)V+8
j  org.gradle.execution.taskgraph.DefaultTaskPlanExecutor$TaskExecutorWorker.access$200(Lorg/gradle/execution/taskgraph/DefaultTaskPlanExecutor$TaskExecutorWorker;Lorg/gradle/execution/taskgraph/TaskInfo;)V+2
j  org.gradle.execution.taskgraph.DefaultTaskPlanExecutor$TaskExecutorWorker$1.execute(Lorg/gradle/execution/taskgraph/TaskInfo;)V+38
j  org.gradle.execution.taskgraph.DefaultTaskPlanExecutor$TaskExecutorWorker$1.execute(Ljava/lang/Object;)V+5
j  org.gradle.execution.taskgraph.DefaultTaskExecutionPlan.execute(Lorg/gradle/execution/taskgraph/TaskInfo;Lorg/gradle/internal/work/WorkerLeaseRegistry$WorkerLease;Lorg/gradle/api/Action;)V+14
j  org.gradle.execution.taskgraph.DefaultTaskExecutionPlan.executeWithTask(Lorg/gradle/internal/work/WorkerLeaseRegistry$WorkerLease;Lorg/gradle/api/Action;)Z+53
j  org.gradle.execution.taskgraph.DefaultTaskPlanExecutor$TaskExecutorWorker.run()V+52
j  org.gradle.execution.taskgraph.DefaultTaskPlanExecutor.process(Lorg/gradle/execution/taskgraph/TaskExecutionPlan;Lorg/gradle/api/Action;)V+67
j  org.gradle.execution.taskgraph.DefaultTaskGraphExecuter.execute()V+61
j  org.gradle.execution.SelectedTaskExecutionAction.execute(Lorg/gradle/execution/BuildExecutionContext;)V+55
j  org.gradle.execution.DefaultBuildExecuter.execute(Lorg/gradle/api/internal/GradleInternal;I)V+37
j  org.gradle.execution.DefaultBuildExecuter.access$000(Lorg/gradle/execution/DefaultBuildExecuter;Lorg/gradle/api/internal/GradleInternal;I)V+3
j  org.gradle.execution.DefaultBuildExecuter$1.proceed()V+14
j  org.gradle.execution.DryRunBuildExecutionAction.execute(Lorg/gradle/execution/BuildExecutionContext;)V+121
j  org.gradle.execution.DefaultBuildExecuter.execute(Lorg/gradle/api/internal/GradleInternal;I)V+37
j  org.gradle.execution.DefaultBuildExecuter.execute(Lorg/gradle/api/internal/GradleInternal;)V+3
j  org.gradle.initialization.DefaultGradleLauncher$ExecuteTasks.run(Lorg/gradle/internal/operations/BuildOperationContext;)V+55
j  org.gradle.internal.progress.DefaultBuildOperationExecutor$RunnableBuildOperationWorker.execute(Lorg/gradle/internal/operations/RunnableBuildOperation;Lorg/gradle/internal/operations/BuildOperationContext;)V+2
j  org.gradle.internal.progress.DefaultBuildOperationExecutor$RunnableBuildOperationWorker.execute(Lorg/gradle/internal/operations/BuildOperation;Lorg/gradle/internal/operations/BuildOperationContext;)V+6
j  org.gradle.internal.progress.DefaultBuildOperationExecutor.execute(Lorg/gradle/internal/operations/BuildOperation;Lorg/gradle/internal/operations/BuildOperationWorker;Lorg/gradle/internal/progress/DefaultBuildOperationExecutor$DefaultBuildOperationState;)V+177
j  org.gradle.internal.progress.DefaultBuildOperationExecutor.run(Lorg/gradle/internal/operations/RunnableBuildOperation;)V+20
j  org.gradle.initialization.DefaultGradleLauncher.runTasks()V+53
j  org.gradle.initialization.DefaultGradleLauncher.doBuildStages(Lorg/gradle/initialization/DefaultGradleLauncher$Stage;)V+37
j  org.gradle.initialization.DefaultGradleLauncher.executeTasks()Lorg/gradle/api/internal/GradleInternal;+4
j  org.gradle.internal.invocation.GradleBuildController$1.call()Lorg/gradle/api/internal/GradleInternal;+7
j  org.gradle.internal.invocation.GradleBuildController$1.call()Ljava/lang/Object;+1
j  org.gradle.internal.work.DefaultWorkerLeaseService.withLocks(Ljava/lang/Iterable;Ljava/util/concurrent/Callable;)Ljava/lang/Object;+15
j  org.gradle.internal.invocation.GradleBuildController.doBuild(Ljava/util/concurrent/Callable;)Lorg/gradle/api/internal/GradleInternal;+52
j  org.gradle.internal.invocation.GradleBuildController.run()Lorg/gradle/api/internal/GradleInternal;+9
j  org.gradle.tooling.internal.provider.ExecuteBuildActionRunner.run(Lorg/gradle/internal/invocation/BuildAction;Lorg/gradle/internal/invocation/BuildController;)V+8
j  org.gradle.launcher.exec.ChainingBuildActionRunner.run(Lorg/gradle/internal/invocation/BuildAction;Lorg/gradle/internal/invocation/BuildController;)V+34
j  org.gradle.tooling.internal.provider.ValidatingBuildActionRunner.run(Lorg/gradle/internal/invocation/BuildAction;Lorg/gradle/internal/invocation/BuildController;)V+6
j  org.gradle.launcher.exec.RunAsBuildOperationBuildActionRunner$1.run(Lorg/gradle/internal/operations/BuildOperationContext;)V+15
j  org.gradle.internal.progress.DefaultBuildOperationExecutor$RunnableBuildOperationWorker.execute(Lorg/gradle/internal/operations/RunnableBuildOperation;Lorg/gradle/internal/operations/BuildOperationContext;)V+2
j  org.gradle.internal.progress.DefaultBuildOperationExecutor$RunnableBuildOperationWorker.execute(Lorg/gradle/internal/operations/BuildOperation;Lorg/gradle/internal/operations/BuildOperationContext;)V+6
j  org.gradle.internal.progress.DefaultBuildOperationExecutor.execute(Lorg/gradle/internal/operations/BuildOperation;Lorg/gradle/internal/operations/BuildOperationWorker;Lorg/gradle/internal/progress/DefaultBuildOperationExecutor$DefaultBuildOperationState;)V+177
j  org.gradle.internal.progress.DefaultBuildOperationExecutor.run(Lorg/gradle/internal/operations/RunnableBuildOperation;)V+20
j  org.gradle.launcher.exec.RunAsBuildOperationBuildActionRunner.run(Lorg/gradle/internal/invocation/BuildAction;Lorg/gradle/internal/invocation/BuildController;)V+34
j  org.gradle.tooling.internal.provider.SubscribableBuildActionRunner.run(Lorg/gradle/internal/invocation/BuildAction;Lorg/gradle/internal/invocation/BuildController;)V+40
j  org.gradle.launcher.exec.InProcessBuildActionExecuter.execute(Lorg/gradle/internal/invocation/BuildAction;Lorg/gradle/initialization/BuildRequestContext;Lorg/gradle/launcher/exec/BuildActionParameters;Lorg/gradle/internal/service/ServiceRegistry;)Ljava/lang/Object;+71
j  org.gradle.launcher.exec.InProcessBuildActionExecuter.execute(Lorg/gradle/internal/invocation/BuildAction;Lorg/gradle/initialization/BuildRequestContext;Ljava/lang/Object;Lorg/gradle/internal/service/ServiceRegistry;)Ljava/lang/Object;+9
j  org.gradle.launcher.exec.BuildTreeScopeBuildActionExecuter.execute(Lorg/gradle/internal/invocation/BuildAction;Lorg/gradle/initialization/BuildRequestContext;Lorg/gradle/launcher/exec/BuildActionParameters;Lorg/gradle/internal/service/ServiceRegistry;)Ljava/lang/Object;+41
j  org.gradle.launcher.exec.BuildTreeScopeBuildActionExecuter.execute(Lorg/gradle/internal/invocation/BuildAction;Lorg/gradle/initialization/BuildRequestContext;Ljava/lang/Object;Lorg/gradle/internal/service/ServiceRegistry;)Ljava/lang/Object;+9
j  org.gradle.tooling.internal.provider.ContinuousBuildActionExecuter.execute(Lorg/gradle/internal/invocation/BuildAction;Lorg/gradle/initialization/BuildRequestContext;Lorg/gradle/launcher/exec/BuildActionParameters;Lorg/gradle/internal/service/ServiceRegistry;)Ljava/lang/Object;+28
...<more frames>...

Java frames: (J=compiled Java code, j=interpreted, Vv=VM code)
j  com.android.tools.aapt2.Aapt2Jni.nativeCompile(Ljava/util/List;Lcom/android/tools/aapt2/Aapt2JniLogCallback;)I+0
j  com.android.tools.aapt2.Aapt2Jni.compile(Ljava/util/List;)Lcom/android/tools/aapt2/Aapt2Result;+6
j  com.android.builder.internal.aapt.v2.AaptV2Jni.lambda$compile$0(Lcom/android/ide/common/res2/CompileResourceRequest;)Ljava/io/File;+10
j  com.android.builder.internal.aapt.v2.AaptV2Jni$$Lambda$315.call()Ljava/lang/Object;+8
j  java.util.concurrent.ForkJoinTask$AdaptedCallable.exec()Z+5
j  java.util.concurrent.ForkJoinTask.doExec()I+10
j  java.util.concurrent.ForkJoinTask.externalInterruptibleAwaitDone()I+55
j  java.util.concurrent.ForkJoinTask.get()Ljava/lang/Object;+17
j  com.android.ide.common.res2.MergedResourceWriter.postWriteAction()V+635
j  com.android.ide.common.res2.MergeWriter.end()V+1
j  com.android.ide.common.res2.MergedResourceWriter.end()V+1
J 4523% C1 com.android.ide.common.res2.DataMerger.mergeData(Lcom/android/ide/common/res2/MergeConsumer;Z)V (603 bytes) @ 0x030f68cc [0x030f5fc0+0x90c]
j  com.android.ide.common.res2.ResourceMerger.mergeData(Lcom/android/ide/common/res2/MergeConsumer;Z)V+7
j  com.android.build.gradle.tasks.MergeResources.doFullTaskAction()V+201
j  com.android.build.gradle.internal.tasks.IncrementalTask.taskAction(Lorg/gradle/api/tasks/incremental/IncrementalTaskInputs;)V+33
v  ~StubRoutines::call_stub
J 2835  sun.reflect.NativeMethodAccessorImpl.invoke0(Ljava/lang/reflect/Method;Ljava/lang/Object;[Ljava/lang/Object;)Ljava/lang/Object; (0 bytes) @ 0x03521add [0x03521a60+0x7d]
J 2834 C1 sun.reflect.NativeMethodAccessorImpl.invoke(Ljava/lang/Object;[Ljava/lang/Object;)Ljava/lang/Object; (104 bytes) @ 0x03524da4 [0x03524b00+0x2a4]
J 528 C1 sun.reflect.DelegatingMethodAccessorImpl.invoke(Ljava/lang/Object;[Ljava/lang/Object;)Ljava/lang/Object; (10 bytes) @ 0x03110e80 [0x03110e50+0x30]
J 527 C1 java.lang.reflect.Method.invoke(Ljava/lang/Object;[Ljava/lang/Object;)Ljava/lang/Object; (62 bytes) @ 0x03110b94 [0x03110ac0+0xd4]
J 3834 C1 org.gradle.internal.reflect.JavaMethod.invoke(Ljava/lang/Object;[Ljava/lang/Object;)Ljava/lang/Object; (74 bytes) @ 0x0308a860 [0x0308a820+0x40]
j  org.gradle.api.internal.project.taskfactory.DefaultTaskClassInfoStore$IncrementalTaskAction.doExecute(Lorg/gradle/api/Task;Ljava/lang/String;)V+35
j  org.gradle.api.internal.project.taskfactory.DefaultTaskClassInfoStore$StandardTaskAction.execute(Lorg/gradle/api/Task;)V+32
j  org.gradle.api.internal.project.taskfactory.DefaultTaskClassInfoStore$StandardTaskAction.execute(Ljava/lang/Object;)V+5
j  org.gradle.api.internal.tasks.execution.ExecuteActionsTaskExecuter$1.run(Lorg/gradle/internal/operations/BuildOperationContext;)V+23
j  org.gradle.internal.progress.DefaultBuildOperationExecutor$RunnableBuildOperationWorker.execute(Lorg/gradle/internal/operations/RunnableBuildOperation;Lorg/gradle/internal/operations/BuildOperationContext;)V+2
j  org.gradle.internal.progress.DefaultBuildOperationExecutor$RunnableBuildOperationWorker.execute(Lorg/gradle/internal/operations/BuildOperation;Lorg/gradle/internal/operations/BuildOperationContext;)V+6
j  org.gradle.internal.progress.DefaultBuildOperationExecutor.execute(Lorg/gradle/internal/operations/BuildOperation;Lorg/gradle/internal/operations/BuildOperationWorker;Lorg/gradle/internal/progress/DefaultBuildOperationExecutor$DefaultBuildOperationState;)V+177
j  org.gradle.internal.progress.DefaultBuildOperationExecutor.run(Lorg/gradle/internal/operations/RunnableBuildOperation;)V+20
j  org.gradle.api.internal.tasks.execution.ExecuteActionsTaskExecuter.executeAction(Ljava/lang/String;Lorg/gradle/api/internal/TaskInternal;Lorg/gradle/api/internal/tasks/ContextAwareTaskAction;Lorg/gradle/api/internal/tasks/TaskExecutionContext;)V+23
j  org.gradle.api.internal.tasks.execution.ExecuteActionsTaskExecuter.executeActions(Lorg/gradle/api/internal/TaskInternal;Lorg/gradle/api/internal/tasks/TaskStateInternal;Lorg/gradle/api/internal/tasks/TaskExecutionContext;)Lorg/gradle/api/GradleException;+131
j  org.gradle.api.internal.tasks.execution.ExecuteActionsTaskExecuter.execute(Lorg/gradle/api/internal/TaskInternal;Lorg/gradle/api/internal/tasks/TaskStateInternal;Lorg/gradle/api/internal/tasks/TaskExecutionContext;)V+42
j  org.gradle.api.internal.tasks.execution.SkipUpToDateTaskExecuter.execute(Lorg/gradle/api/internal/TaskInternal;Lorg/gradle/api/internal/tasks/TaskStateInternal;Lorg/gradle/api/internal/tasks/TaskExecutionContext;)V+124
j  org.gradle.api.internal.tasks.execution.ResolveTaskOutputCachingStateExecuter.execute(Lorg/gradle/api/internal/TaskInternal;Lorg/gradle/api/internal/tasks/TaskStateInternal;Lorg/gradle/api/internal/tasks/TaskExecutionContext;)V+96
j  org.gradle.api.internal.tasks.execution.ValidatingTaskExecuter.execute(Lorg/gradle/api/internal/TaskInternal;Lorg/gradle/api/internal/tasks/TaskStateInternal;Lorg/gradle/api/internal/tasks/TaskExecutionContext;)V+215
j  org.gradle.api.internal.tasks.execution.SkipEmptySourceFilesTaskExecuter.execute(Lorg/gradle/api/internal/TaskInternal;Lorg/gradle/api/internal/tasks/TaskStateInternal;Lorg/gradle/api/internal/tasks/TaskExecutionContext;)V+335
j  org.gradle.api.internal.tasks.execution.ResolveTaskArtifactStateTaskExecuter.execute(Lorg/gradle/api/internal/TaskInternal;Lorg/gradle/api/internal/tasks/TaskStateInternal;Lorg/gradle/api/internal/tasks/TaskExecutionContext;)V+72
j  org.gradle.api.internal.tasks.execution.SkipTaskWithNoActionsExecuter.execute(Lorg/gradle/api/internal/TaskInternal;Lorg/gradle/api/internal/tasks/TaskStateInternal;Lorg/gradle/api/internal/tasks/TaskExecutionContext;)V+124
j  org.gradle.api.internal.tasks.execution.SkipOnlyIfTaskExecuter.execute(Lorg/gradle/api/internal/TaskInternal;Lorg/gradle/api/internal/tasks/TaskStateInternal;Lorg/gradle/api/internal/tasks/TaskExecutionContext;)V+85
j  org.gradle.api.internal.tasks.execution.ExecuteAtMostOnceTaskExecuter.execute(Lorg/gradle/api/internal/TaskInternal;Lorg/gradle/api/internal/tasks/TaskStateInternal;Lorg/gradle/api/internal/tasks/TaskExecutionContext;)V+26
j  org.gradle.api.internal.tasks.execution.CatchExceptionTaskExecuter.execute(Lorg/gradle/api/internal/TaskInternal;Lorg/gradle/api/internal/tasks/TaskStateInternal;Lorg/gradle/api/internal/tasks/TaskExecutionContext;)V+7
j  org.gradle.execution.taskgraph.DefaultTaskGraphExecuter$EventFiringTaskWorker$1.run(Lorg/gradle/internal/operations/BuildOperationContext;)V+56
j  org.gradle.internal.progress.DefaultBuildOperationExecutor$RunnableBuildOperationWorker.execute(Lorg/gradle/internal/operations/RunnableBuildOperation;Lorg/gradle/internal/operations/BuildOperationContext;)V+2
j  org.gradle.internal.progress.DefaultBuildOperationExecutor$RunnableBuildOperationWorker.execute(Lorg/gradle/internal/operations/BuildOperation;Lorg/gradle/internal/operations/BuildOperationContext;)V+6
j  org.gradle.internal.progress.DefaultBuildOperationExecutor.execute(Lorg/gradle/internal/operations/BuildOperation;Lorg/gradle/internal/operations/BuildOperationWorker;Lorg/gradle/internal/progress/DefaultBuildOperationExecutor$DefaultBuildOperationState;)V+177
j  org.gradle.internal.progress.DefaultBuildOperationExecutor.run(Lorg/gradle/internal/operations/RunnableBuildOperation;)V+20
j  org.gradle.execution.taskgraph.DefaultTaskGraphExecuter$EventFiringTaskWorker.execute(Lorg/gradle/api/internal/TaskInternal;)V+16
j  org.gradle.execution.taskgraph.DefaultTaskGraphExecuter$EventFiringTaskWorker.execute(Ljava/lang/Object;)V+5
j  org.gradle.execution.taskgraph.DefaultTaskPlanExecutor$TaskExecutorWorker.processTask(Lorg/gradle/execution/taskgraph/TaskInfo;)V+8
j  org.gradle.execution.taskgraph.DefaultTaskPlanExecutor$TaskExecutorWorker.access$200(Lorg/gradle/execution/taskgraph/DefaultTaskPlanExecutor$TaskExecutorWorker;Lorg/gradle/execution/taskgraph/TaskInfo;)V+2
j  org.gradle.execution.taskgraph.DefaultTaskPlanExecutor$TaskExecutorWorker$1.execute(Lorg/gradle/execution/taskgraph/TaskInfo;)V+38
j  org.gradle.execution.taskgraph.DefaultTaskPlanExecutor$TaskExecutorWorker$1.execute(Ljava/lang/Object;)V+5
j  org.gradle.execution.taskgraph.DefaultTaskExecutionPlan.execute(Lorg/gradle/execution/taskgraph/TaskInfo;Lorg/gradle/internal/work/WorkerLeaseRegistry$WorkerLease;Lorg/gradle/api/Action;)V+14
j  org.gradle.execution.taskgraph.DefaultTaskExecutionPlan.executeWithTask(Lorg/gradle/internal/work/WorkerLeaseRegistry$WorkerLease;Lorg/gradle/api/Action;)Z+53
j  org.gradle.execution.taskgraph.DefaultTaskPlanExecutor$TaskExecutorWorker.run()V+52
j  org.gradle.execution.taskgraph.DefaultTaskPlanExecutor.process(Lorg/gradle/execution/taskgraph/TaskExecutionPlan;Lorg/gradle/api/Action;)V+67
j  org.gradle.execution.taskgraph.DefaultTaskGraphExecuter.execute()V+61
j  org.gradle.execution.SelectedTaskExecutionAction.execute(Lorg/gradle/execution/BuildExecutionContext;)V+55
j  org.gradle.execution.DefaultBuildExecuter.execute(Lorg/gradle/api/internal/GradleInternal;I)V+37
j  org.gradle.execution.DefaultBuildExecuter.access$000(Lorg/gradle/execution/DefaultBuildExecuter;Lorg/gradle/api/internal/GradleInternal;I)V+3
j  org.gradle.execution.DefaultBuildExecuter$1.proceed()V+14
j  org.gradle.execution.DryRunBuildExecutionAction.execute(Lorg/gradle/execution/BuildExecutionContext;)V+121
j  org.gradle.execution.DefaultBuildExecuter.execute(Lorg/gradle/api/internal/GradleInternal;I)V+37
j  org.gradle.execution.DefaultBuildExecuter.execute(Lorg/gradle/api/internal/GradleInternal;)V+3
j  org.gradle.initialization.DefaultGradleLauncher$ExecuteTasks.run(Lorg/gradle/internal/operations/BuildOperationContext;)V+55
j  org.gradle.internal.progress.DefaultBuildOperationExecutor$RunnableBuildOperationWorker.execute(Lorg/gradle/internal/operations/RunnableBuildOperation;Lorg/gradle/internal/operations/BuildOperationContext;)V+2
j  org.gradle.internal.progress.DefaultBuildOperationExecutor$RunnableBuildOperationWorker.execute(Lorg/gradle/internal/operations/BuildOperation;Lorg/gradle/internal/operations/BuildOperationContext;)V+6
j  org.gradle.internal.progress.DefaultBuildOperationExecutor.execute(Lorg/gradle/internal/operations/BuildOperation;Lorg/gradle/internal/operations/BuildOperationWorker;Lorg/gradle/internal/progress/DefaultBuildOperationExecutor$DefaultBuildOperationState;)V+177
j  org.gradle.internal.progress.DefaultBuildOperationExecutor.run(Lorg/gradle/internal/operations/RunnableBuildOperation;)V+20
j  org.gradle.initialization.DefaultGradleLauncher.runTasks()V+53
j  org.gradle.initialization.DefaultGradleLauncher.doBuildStages(Lorg/gradle/initialization/DefaultGradleLauncher$Stage;)V+37
j  org.gradle.initialization.DefaultGradleLauncher.executeTasks()Lorg/gradle/api/internal/GradleInternal;+4
j  org.gradle.internal.invocation.GradleBuildController$1.call()Lorg/gradle/api/internal/GradleInternal;+7
j  org.gradle.internal.invocation.GradleBuildController$1.call()Ljava/lang/Object;+1
j  org.gradle.internal.work.DefaultWorkerLeaseService.withLocks(Ljava/lang/Iterable;Ljava/util/concurrent/Callable;)Ljava/lang/Object;+15
j  org.gradle.internal.invocation.GradleBuildController.doBuild(Ljava/util/concurrent/Callable;)Lorg/gradle/api/internal/GradleInternal;+52
j  org.gradle.internal.invocation.GradleBuildController.run()Lorg/gradle/api/internal/GradleInternal;+9
j  org.gradle.tooling.internal.provider.ExecuteBuildActionRunner.run(Lorg/gradle/internal/invocation/BuildAction;Lorg/gradle/internal/invocation/BuildController;)V+8
j  org.gradle.launcher.exec.ChainingBuildActionRunner.run(Lorg/gradle/internal/invocation/BuildAction;Lorg/gradle/internal/invocation/BuildController;)V+34
j  org.gradle.tooling.internal.provider.ValidatingBuildActionRunner.run(Lorg/gradle/internal/invocation/BuildAction;Lorg/gradle/internal/invocation/BuildController;)V+6
j  org.gradle.launcher.exec.RunAsBuildOperationBuildActionRunner$1.run(Lorg/gradle/internal/operations/BuildOperationContext;)V+15
j  org.gradle.internal.progress.DefaultBuildOperationExecutor$RunnableBuildOperationWorker.execute(Lorg/gradle/internal/operations/RunnableBuildOperation;Lorg/gradle/internal/operations/BuildOperationContext;)V+2
j  org.gradle.internal.progress.DefaultBuildOperationExecutor$RunnableBuildOperationWorker.execute(Lorg/gradle/internal/operations/BuildOperation;Lorg/gradle/internal/operations/BuildOperationContext;)V+6
j  org.gradle.internal.progress.DefaultBuildOperationExecutor.execute(Lorg/gradle/internal/operations/BuildOperation;Lorg/gradle/internal/operations/BuildOperationWorker;Lorg/gradle/internal/progress/DefaultBuildOperationExecutor$DefaultBuildOperationState;)V+177
j  org.gradle.internal.progress.DefaultBuildOperationExecutor.run(Lorg/gradle/internal/operations/RunnableBuildOperation;)V+20
j  org.gradle.launcher.exec.RunAsBuildOperationBuildActionRunner.run(Lorg/gradle/internal/invocation/BuildAction;Lorg/gradle/internal/invocation/BuildController;)V+34
j  org.gradle.tooling.internal.provider.SubscribableBuildActionRunner.run(Lorg/gradle/internal/invocation/BuildAction;Lorg/gradle/internal/invocation/BuildController;)V+40
j  org.gradle.launcher.exec.InProcessBuildActionExecuter.execute(Lorg/gradle/internal/invocation/BuildAction;Lorg/gradle/initialization/BuildRequestContext;Lorg/gradle/launcher/exec/BuildActionParameters;Lorg/gradle/internal/service/ServiceRegistry;)Ljava/lang/Object;+71
j  org.gradle.launcher.exec.InProcessBuildActionExecuter.execute(Lorg/gradle/internal/invocation/BuildAction;Lorg/gradle/initialization/BuildRequestContext;Ljava/lang/Object;Lorg/gradle/internal/service/ServiceRegistry;)Ljava/lang/Object;+9
j  org.gradle.launcher.exec.BuildTreeScopeBuildActionExecuter.execute(Lorg/gradle/internal/invocation/BuildAction;Lorg/gradle/initialization/BuildRequestContext;Lorg/gradle/launcher/exec/BuildActionParameters;Lorg/gradle/internal/service/ServiceRegistry;)Ljava/lang/Object;+41
j  org.gradle.launcher.exec.BuildTreeScopeBuildActionExecuter.execute(Lorg/gradle/internal/invocation/BuildAction;Lorg/gradle/initialization/BuildRequestContext;Ljava/lang/Object;Lorg/gradle/internal/service/ServiceRegistry;)Ljava/lang/Object;+9
j  org.gradle.tooling.internal.provider.ContinuousBuildActionExecuter.execute(Lorg/gradle/internal/invocation/BuildAction;Lorg/gradle/initialization/BuildRequestContext;Lorg/gradle/launcher/exec/BuildActionParameters;Lorg/gradle/internal/service/ServiceRegistry;)Ljava/lang/Object;+28
j  org.gradle.tooling.internal.provider.ContinuousBuildActionExecuter.execute(Lorg/gradle/internal/invocation/BuildAction;Lorg/gradle/initialization/BuildRequestContext;Ljava/lang/Object;Lorg/gradle/internal/service/ServiceRegistry;)Ljava/lang/Object;+9
j  org.gradle.tooling.internal.provider.ServicesSetupBuildActionExecuter.execute(Lorg/gradle/internal/invocation/BuildAction;Lorg/gradle/initialization/BuildRequestContext;Lorg/gradle/launcher/exec/BuildActionParameters;Lorg/gradle/internal/service/ServiceRegistry;)Ljava/lang/Object;+85
j  org.gradle.tooling.internal.provider.ServicesSetupBuildActionExecuter.execute(Lorg/gradle/internal/invocation/BuildAction;Lorg/gradle/initialization/BuildRequestContext;Ljava/lang/Object;Lorg/gradle/internal/service/ServiceRegistry;)Ljava/lang/Object;+9
j  org.gradle.tooling.internal.provider.GradleThreadBuildActionExecuter.execute(Lorg/gradle/internal/invocation/BuildAction;Lorg/gradle/initialization/BuildRequestContext;Lorg/gradle/launcher/exec/BuildActionParameters;Lorg/gradle/internal/service/ServiceRegistry;)Ljava/lang/Object;+12
j  org.gradle.tooling.internal.provider.GradleThreadBuildActionExecuter.execute(Lorg/gradle/internal/invocation/BuildAction;Lorg/gradle/initialization/BuildRequestContext;Ljava/lang/Object;Lorg/gradle/internal/service/ServiceRegistry;)Ljava/lang/Object;+9
j  org.gradle.tooling.internal.provider.ParallelismConfigurationBuildActionExecuter.execute(Lorg/gradle/internal/invocation/BuildAction;Lorg/gradle/initialization/BuildRequestContext;Lorg/gradle/launcher/exec/BuildActionParameters;Lorg/gradle/internal/service/ServiceRegistry;)Ljava/lang/Object;+43
j  org.gradle.tooling.internal.provider.ParallelismConfigurationBuildActionExecuter.execute(Lorg/gradle/internal/invocation/BuildAction;Lorg/gradle/initialization/BuildRequestContext;Ljava/lang/Object;Lorg/gradle/internal/service/ServiceRegistry;)Ljava/lang/Object;+9
j  org.gradle.tooling.internal.provider.StartParamsValidatingActionExecuter.execute(Lorg/gradle/internal/invocation/BuildAction;Lorg/gradle/initialization/BuildRequestContext;Lorg/gradle/launcher/exec/BuildActionParameters;Lorg/gradle/internal/service/ServiceRegistry;)Ljava/lang/Object;+257
j  org.gradle.tooling.internal.provider.StartParamsValidatingActionExecuter.execute(Lorg/gradle/internal/invocation/BuildAction;Lorg/gradle/initialization/BuildRequestContext;Ljava/lang/Object;Lorg/gradle/internal/service/ServiceRegistry;)Ljava/lang/Object;+9
j  org.gradle.tooling.internal.provider.SessionFailureReportingActionExecuter.execute(Lorg/gradle/internal/invocation/BuildAction;Lorg/gradle/initialization/BuildRequestContext;Lorg/gradle/launcher/exec/BuildActionParameters;Lorg/gradle/internal/service/ServiceRegistry;)Ljava/lang/Object;+9
j  org.gradle.tooling.internal.provider.SessionFailureReportingActionExecuter.execute(Lorg/gradle/internal/invocation/BuildAction;Lorg/gradle/initialization/BuildRequestContext;Ljava/lang/Object;Lorg/gradle/internal/service/ServiceRegistry;)Ljava/lang/Object;+9
j  org.gradle.tooling.internal.provider.SetupLoggingActionExecuter.execute(Lorg/gradle/internal/invocation/BuildAction;Lorg/gradle/initialization/BuildRequestContext;Lorg/gradle/launcher/exec/BuildActionParameters;Lorg/gradle/internal/service/ServiceRegistry;)Ljava/lang/Object;+69
j  org.gradle.tooling.internal.provider.SetupLoggingActionExecuter.execute(Lorg/gradle/internal/invocation/BuildAction;Lorg/gradle/initialization/BuildRequestContext;Ljava/lang/Object;Lorg/gradle/internal/service/ServiceRegistry;)Ljava/lang/Object;+9
j  org.gradle.launcher.daemon.server.exec.ExecuteBuild.doBuild(Lorg/gradle/launcher/daemon/server/api/DaemonCommandExecution;Lorg/gradle/launcher/daemon/protocol/Build;)V+114
j  org.gradle.launcher.daemon.server.exec.BuildCommandOnly.execute(Lorg/gradle/launcher/daemon/server/api/DaemonCommandExecution;)V+49
j  org.gradle.launcher.daemon.server.api.DaemonCommandExecution.proceed()Z+28
j  org.gradle.launcher.daemon.server.exec.WatchForDisconnection.execute(Lorg/gradle/launcher/daemon/server/api/DaemonCommandExecution;)V+19
j  org.gradle.launcher.daemon.server.api.DaemonCommandExecution.proceed()Z+28
j  org.gradle.launcher.daemon.server.exec.ResetDeprecationLogger.execute(Lorg/gradle/launcher/daemon/server/api/DaemonCommandExecution;)V+4
j  org.gradle.launcher.daemon.server.api.DaemonCommandExecution.proceed()Z+28
j  org.gradle.launcher.daemon.server.exec.RequestStopIfSingleUsedDaemon.execute(Lorg/gradle/launcher/daemon/server/api/DaemonCommandExecution;)V+33
j  org.gradle.launcher.daemon.server.api.DaemonCommandExecution.proceed()Z+28
j  org.gradle.launcher.daemon.server.exec.ForwardClientInput$2.call()Ljava/lang/Void;+4
j  org.gradle.launcher.daemon.server.exec.ForwardClientInput$2.call()Ljava/lang/Object;+1
j  org.gradle.util.Swapper.swap(Ljava/lang/Object;Ljava/util/concurrent/Callable;)Ljava/lang/Object;+21
j  org.gradle.launcher.daemon.server.exec.ForwardClientInput.execute(Lorg/gradle/launcher/daemon/server/api/DaemonCommandExecution;)V+63
j  org.gradle.launcher.daemon.server.api.DaemonCommandExecution.proceed()Z+28
j  org.gradle.launcher.daemon.server.exec.LogAndCheckHealth.execute(Lorg/gradle/launcher/daemon/server/api/DaemonCommandExecution;)V+28
j  org.gradle.launcher.daemon.server.api.DaemonCommandExecution.proceed()Z+28
j  org.gradle.launcher.daemon.server.exec.LogToClient.doBuild(Lorg/gradle/launcher/daemon/server/api/DaemonCommandExecution;Lorg/gradle/launcher/daemon/protocol/Build;)V+87
j  org.gradle.launcher.daemon.server.exec.BuildCommandOnly.execute(Lorg/gradle/launcher/daemon/server/api/DaemonCommandExecution;)V+49
j  org.gradle.launcher.daemon.server.api.DaemonCommandExecution.proceed()Z+28
j  org.gradle.launcher.daemon.server.exec.EstablishBuildEnvironment.doBuild(Lorg/gradle/launcher/daemon/server/api/DaemonCommandExecution;Lorg/gradle/launcher/daemon/protocol/Build;)V+365
j  org.gradle.launcher.daemon.server.exec.BuildCommandOnly.execute(Lorg/gradle/launcher/daemon/server/api/DaemonCommandExecution;)V+49
j  org.gradle.launcher.daemon.server.api.DaemonCommandExecution.proceed()Z+28
j  org.gradle.launcher.daemon.server.exec.StartBuildOrRespondWithBusy$1.run()V+44
j  org.gradle.launcher.daemon.server.DaemonStateCoordinator$1.run()V+4
j  org.gradle.internal.concurrent.ExecutorPolicy$CatchAndRecordFailures.onExecute(Ljava/lang/Runnable;)V+1
j  org.gradle.internal.concurrent.ManagedExecutorImpl$1.run()V+25
j  java.util.concurrent.ThreadPoolExecutor.runWorker(Ljava/util/concurrent/ThreadPoolExecutor$Worker;)V+95
j  java.util.concurrent.ThreadPoolExecutor$Worker.run()V+5
j  org.gradle.internal.concurrent.ThreadFactoryImpl$ManagedThreadRunnable.run()V+7
j  java.lang.Thread.run()V+11
v  ~StubRoutines::call_stub

---------------  P R O C E S S  ---------------

Java Threads: ( => current thread )
  0x68da5800 JavaThread "ForkJoinPool.commonPool-worker-1" daemon [_thread_blocked, id=6976, stack(0x6bf70000,0x6bfc0000)]
  0x68da2800 JavaThread "Task worker for ':' Thread 3" [_thread_blocked, id=2552, stack(0x6b760000,0x6b7b0000)]
  0x68da3400 JavaThread "Task worker for ':' Thread 2" [_thread_blocked, id=15716, stack(0x6b6d0000,0x6b720000)]
  0x68da6c00 JavaThread "Task worker for ':'" [_thread_blocked, id=8972, stack(0x6b640000,0x6b690000)]
  0x68da1400 JavaThread "Cache worker for task history cache (C:\work\XinYuan\.gradle\4.1\taskHistory)" [_thread_blocked, id=8600, stack(0x6b5b0000,0x6b600000)]
  0x68da8000 JavaThread "Cache worker for file content cache (C:\work\XinYuan\.gradle\4.1\fileContent)" [_thread_blocked, id=712, stack(0x6b520000,0x6b570000)]
  0x68da3c00 JavaThread "Memory manager" [_thread_blocked, id=10588, stack(0x699c0000,0x69a10000)]
  0x68da2000 JavaThread "pool-1-thread-1" [_thread_blocked, id=16688, stack(0x69730000,0x69780000)]
  0x680d2000 JavaThread "build operations Thread 4" [_thread_blocked, id=2260, stack(0x694a0000,0x694f0000)]
  0x680d3400 JavaThread "build operations Thread 3" [_thread_blocked, id=15900, stack(0x69410000,0x69460000)]
  0x680d1c00 JavaThread "build operations Thread 2" [_thread_blocked, id=7316, stack(0x69380000,0x693d0000)]
  0x680d1400 JavaThread "build operations" [_thread_blocked, id=4988, stack(0x692f0000,0x69340000)]
  0x680d4000 JavaThread "Cache worker for Artifact transforms cache (C:\Users\Administrator\.gradle\caches\transforms-1)" [_thread_blocked, id=14488, stack(0x69060000,0x690b0000)]
  0x680d4800 JavaThread "Cache worker for file hash cache (C:\work\XinYuan\.gradle\4.1\fileHashes)" [_thread_blocked, id=2072, stack(0x677f0000,0x67840000)]
  0x680d3c00 JavaThread "File lock request listener" [_thread_in_native, id=4740, stack(0x67760000,0x677b0000)]
  0x680d1000 JavaThread "Cache worker for file hash cache (C:\Users\Administrator\.gradle\caches\4.1\fileHashes)" [_thread_blocked, id=7528, stack(0x676d0000,0x67720000)]
  0x66b52800 JavaThread "Stdin handler" [_thread_blocked, id=17188, stack(0x67440000,0x67490000)]
  0x66b50000 JavaThread "Asynchronous log dispatcher for DefaultDaemonConnection: socket connection from /127.0.0.1:54101 to /127.0.0.1:54102" [_thread_blocked, id=11924, stack(0x673b0000,0x67400000)]
=>0x66b3fc00 JavaThread "Daemon worker" [_thread_in_native, id=7656, stack(0x67320000,0x67370000)]
  0x66b35c00 JavaThread "Cancel handler" [_thread_blocked, id=5716, stack(0x67290000,0x672e0000)]
  0x66b31400 JavaThread "Handler for socket connection from /127.0.0.1:54101 to /127.0.0.1:54102" [_thread_in_native, id=9616, stack(0x67200000,0x67250000)]
  0x66b31000 JavaThread "Daemon" [_thread_blocked, id=7860, stack(0x67170000,0x671c0000)]
  0x66ac3000 JavaThread "Daemon periodic checks" [_thread_blocked, id=2804, stack(0x670e0000,0x67130000)]
  0x66ab4000 JavaThread "Incoming local TCP Connector on port 54101" [_thread_in_native, id=5300, stack(0x66ef0000,0x66f40000)]
  0x66a74000 JavaThread "Daemon health stats" [_thread_blocked, id=11536, stack(0x66e20000,0x66e70000)]
  0x65a08400 JavaThread "Service Thread" daemon [_thread_blocked, id=12388, stack(0x65f00000,0x65f50000)]
  0x65a33c00 JavaThread "C1 CompilerThread0" daemon [_thread_blocked, id=6100, stack(0x65e70000,0x65ec0000)]
  0x65a32c00 JavaThread "Attach Listener" daemon [_thread_blocked, id=12596, stack(0x65de0000,0x65e30000)]
  0x659fa000 JavaThread "Signal Dispatcher" daemon [_thread_blocked, id=15448, stack(0x65d50000,0x65da0000)]
  0x659e9000 JavaThread "Finalizer" daemon [_thread_blocked, id=14272, stack(0x65c60000,0x65cb0000)]
  0x659d4400 JavaThread "Reference Handler" daemon [_thread_blocked, id=13920, stack(0x65bd0000,0x65c20000)]
  0x02ebc000 JavaThread "main" [_thread_blocked, id=8532, stack(0x02d70000,0x02dc0000)]

Other Threads:
  0x02fbd400 VMThread [stack: 0x65980000,0x659d0000] [id=7928]
  0x65a09000 WatcherThread [stack: 0x65f90000,0x65fe0000] [id=13976]

VM state:not at safepoint (normal execution)

VM Mutex/Monitor currently owned by a thread: None

Heap:
 def new generation   total 31680K, used 26673K [0x05000000, 0x07250000, 0x25000000)
  eden space 28224K,  86% used [0x05000000, 0x067de860, 0x06b90000)
  from space 3456K,  64% used [0x06b90000, 0x06dbde98, 0x06ef0000)
  to   space 3456K,   0% used [0x06ef0000, 0x06ef0000, 0x07250000)
 tenured generation   total 70004K, used 52215K [0x25000000, 0x2945d000, 0x65000000)
   the space 70004K,  74% used [0x25000000, 0x282fde10, 0x282fe000, 0x2945d000)
 Metaspace       used 35524K, capacity 36577K, committed 36608K, reserved 37248K

Card table byte_map: [0x65000000,0x65310000] byte_map_base: 0x64fd8000

Polling page: 0x01290000

CodeCache: size=32768Kb used=7268Kb max_used=7268Kb free=25499Kb
 bounds [0x02fc0000, 0x036e0000, 0x04fc0000]
 total_blobs=4642 nmethods=4178 adapters=392
 compilation: enabled

Compilation events (10 events):
Event: 53.678 Thread 0x65a33c00 4578             com.android.utils.PositionXmlParser::getPositionHelper (757 bytes)
Event: 53.679 Thread 0x65a33c00 nmethod 4578 0x036d8708 code [0x036d8b10, 0x036da15c]
Event: 53.679 Thread 0x65a33c00 4579             com.android.ide.common.blame.SourceFilePosition::equals (55 bytes)
Event: 53.680 Thread 0x65a33c00 nmethod 4579 0x036dc188 code [0x036dc2a0, 0x036dc498]
Event: 53.680 Thread 0x65a33c00 4580             org.apache.xerces.dom.CharacterDataImpl::getNodeValue (16 bytes)
Event: 53.680 Thread 0x65a33c00 nmethod 4580 0x036dc608 code [0x036dc700, 0x036dc7b0]
Event: 53.680 Thread 0x65a33c00 4581             com.android.ide.common.blame.SourcePosition::<init> (38 bytes)
Event: 53.680 Thread 0x65a33c00 nmethod 4581 0x036dc808 code [0x036dc900, 0x036dc9a0]
Event: 53.690 Thread 0x65a33c00 4582   !         java.util.zip.ZipFile$ZipFileInputStream::close (110 bytes)
Event: 53.690 Thread 0x65a33c00 nmethod 4582 0x036dca08 code [0x036dcb30, 0x036dcfb8]

GC Heap History (10 events):
Event: 51.774 GC heap before
{Heap before GC invocations=98 (full 5):
 def new generation   total 31680K, used 31093K [0x05000000, 0x07250000, 0x25000000)
  eden space 28224K,  99% used [0x05000000, 0x06b8fd58, 0x06b90000)
  from space 3456K,  83% used [0x06ef0000, 0x071bda10, 0x07250000)
  to   space 3456K,   0% used [0x06b90000, 0x06b90000, 0x06ef0000)
 tenured generation   total 70004K, used 42002K [0x25000000, 0x2945d000, 0x65000000)
   the space 70004K,  59% used [0x25000000, 0x27904890, 0x27904a00, 0x2945d000)
 Metaspace       used 34740K, capacity 35771K, committed 35840K, reserved 36224K
Event: 51.783 GC heap after
Heap after GC invocations=99 (full 5):
 def new generation   total 31680K, used 2725K [0x05000000, 0x07250000, 0x25000000)
  eden space 28224K,   0% used [0x05000000, 0x05000000, 0x06b90000)
  from space 3456K,  78% used [0x06b90000, 0x06e39408, 0x06ef0000)
  to   space 3456K,   0% used [0x06ef0000, 0x06ef0000, 0x07250000)
 tenured generation   total 70004K, used 42844K [0x25000000, 0x2945d000, 0x65000000)
   the space 70004K,  61% used [0x25000000, 0x279d71f0, 0x279d7200, 0x2945d000)
 Metaspace       used 34740K, capacity 35771K, committed 35840K, reserved 36224K
}
Event: 52.874 GC heap before
{Heap before GC invocations=99 (full 5):
 def new generation   total 31680K, used 30949K [0x05000000, 0x07250000, 0x25000000)
  eden space 28224K, 100% used [0x05000000, 0x06b90000, 0x06b90000)
  from space 3456K,  78% used [0x06b90000, 0x06e39408, 0x06ef0000)
  to   space 3456K,   0% used [0x06ef0000, 0x06ef0000, 0x07250000)
 tenured generation   total 70004K, used 42844K [0x25000000, 0x2945d000, 0x65000000)
   the space 70004K,  61% used [0x25000000, 0x279d71f0, 0x279d7200, 0x2945d000)
 Metaspace       used 35368K, capacity 36429K, committed 36480K, reserved 37248K
Event: 52.884 GC heap after
Heap after GC invocations=100 (full 5):
 def new generation   total 31680K, used 3058K [0x05000000, 0x07250000, 0x25000000)
  eden space 28224K,   0% used [0x05000000, 0x05000000, 0x06b90000)
  from space 3456K,  88% used [0x06ef0000, 0x071ec908, 0x07250000)
  to   space 3456K,   0% used [0x06b90000, 0x06b90000, 0x06ef0000)
 tenured generation   total 70004K, used 45184K [0x25000000, 0x2945d000, 0x65000000)
   the space 70004K,  64% used [0x25000000, 0x27c20000, 0x27c20000, 0x2945d000)
 Metaspace       used 35368K, capacity 36429K, committed 36480K, reserved 37248K
}
Event: 53.201 GC heap before
{Heap before GC invocations=100 (full 5):
 def new generation   total 31680K, used 31282K [0x05000000, 0x07250000, 0x25000000)
  eden space 28224K, 100% used [0x05000000, 0x06b90000, 0x06b90000)
  from space 3456K,  88% used [0x06ef0000, 0x071ec908, 0x07250000)
  to   space 3456K,   0% used [0x06b90000, 0x06b90000, 0x06ef0000)
 tenured generation   total 70004K, used 45184K [0x25000000, 0x2945d000, 0x65000000)
   the space 70004K,  64% used [0x25000000, 0x27c20000, 0x27c20000, 0x2945d000)
 Metaspace       used 35462K, capacity 36508K, committed 36608K, reserved 37248K
Event: 53.210 GC heap after
Heap after GC invocations=101 (full 5):
 def new generation   total 31680K, used 2042K [0x05000000, 0x07250000, 0x25000000)
  eden space 28224K,   0% used [0x05000000, 0x05000000, 0x06b90000)
  from space 3456K,  59% used [0x06b90000, 0x06d8e928, 0x06ef0000)
  to   space 3456K,   0% used [0x06ef0000, 0x06ef0000, 0x07250000)
 tenured generation   total 70004K, used 46677K [0x25000000, 0x2945d000, 0x65000000)
   the space 70004K,  66% used [0x25000000, 0x27d95538, 0x27d95600, 0x2945d000)
 Metaspace       used 35462K, capacity 36508K, committed 36608K, reserved 37248K
}
Event: 53.375 GC heap before
{Heap before GC invocations=101 (full 5):
 def new generation   total 31680K, used 30266K [0x05000000, 0x07250000, 0x25000000)
  eden space 28224K, 100% used [0x05000000, 0x06b90000, 0x06b90000)
  from space 3456K,  59% used [0x06b90000, 0x06d8e928, 0x06ef0000)
  to   space 3456K,   0% used [0x06ef0000, 0x06ef0000, 0x07250000)
 tenured generation   total 70004K, used 46677K [0x25000000, 0x2945d000, 0x65000000)
   the space 70004K,  66% used [0x25000000, 0x27d95538, 0x27d95600, 0x2945d000)
 Metaspace       used 35462K, capacity 36508K, committed 36608K, reserved 37248K
Event: 53.385 GC heap after
Heap after GC invocations=102 (full 5):
 def new generation   total 31680K, used 3456K [0x05000000, 0x07250000, 0x25000000)
  eden space 28224K,   0% used [0x05000000, 0x05000000, 0x06b90000)
  from space 3456K, 100% used [0x06ef0000, 0x07250000, 0x07250000)
  to   space 3456K,   0% used [0x06b90000, 0x06b90000, 0x06ef0000)
 tenured generation   total 70004K, used 48834K [0x25000000, 0x2945d000, 0x65000000)
   the space 70004K,  69% used [0x25000000, 0x27fb0bd0, 0x27fb0c00, 0x2945d000)
 Metaspace       used 35462K, capacity 36508K, committed 36608K, reserved 37248K
}
Event: 53.511 GC heap before
{Heap before GC invocations=102 (full 5):
 def new generation   total 31680K, used 31680K [0x05000000, 0x07250000, 0x25000000)
  eden space 28224K, 100% used [0x05000000, 0x06b90000, 0x06b90000)
  from space 3456K, 100% used [0x06ef0000, 0x07250000, 0x07250000)
  to   space 3456K,   0% used [0x06b90000, 0x06b90000, 0x06ef0000)
 tenured generation   total 70004K, used 48834K [0x25000000, 0x2945d000, 0x65000000)
   the space 70004K,  69% used [0x25000000, 0x27fb0bd0, 0x27fb0c00, 0x2945d000)
 Metaspace       used 35464K, capacity 36510K, committed 36608K, reserved 37248K
Event: 53.521 GC heap after
Heap after GC invocations=103 (full 5):
 def new generation   total 31680K, used 2231K [0x05000000, 0x07250000, 0x25000000)
  eden space 28224K,   0% used [0x05000000, 0x05000000, 0x06b90000)
  from space 3456K,  64% used [0x06b90000, 0x06dbde98, 0x06ef0000)
  to   space 3456K,   0% used [0x06ef0000, 0x06ef0000, 0x07250000)
 tenured generation   total 70004K, used 52215K [0x25000000, 0x2945d000, 0x65000000)
   the space 70004K,  74% used [0x25000000, 0x282fde10, 0x282fe000, 0x2945d000)
 Metaspace       used 35464K, capacity 36510K, committed 36608K, reserved 37248K
}

Deoptimization events (0 events):
No events

Internal exceptions (10 events):
Event: 52.404 Thread 0x68da3400 Exception <a 'sun/nio/fs/WindowsException'> (0x064947a0) thrown at [C:\workspace\8-2-build-windows-i586-cygwin\jdk8u144\9417\hotspot\src\share\vm\prims\jni.cpp, line 709]
Event: 52.410 Thread 0x68da3400 Exception <a 'sun/nio/fs/WindowsException'> (0x06494f80) thrown at [C:\workspace\8-2-build-windows-i586-cygwin\jdk8u144\9417\hotspot\src\share\vm\prims\jni.cpp, line 709]
Event: 52.410 Thread 0x68da3400 Exception <a 'sun/nio/fs/WindowsException'> (0x06496178) thrown at [C:\workspace\8-2-build-windows-i586-cygwin\jdk8u144\9417\hotspot\src\share\vm\prims\jni.cpp, line 709]
Event: 52.415 Thread 0x68da3400 Exception <a 'sun/nio/fs/WindowsException'> (0x06496958) thrown at [C:\workspace\8-2-build-windows-i586-cygwin\jdk8u144\9417\hotspot\src\share\vm\prims\jni.cpp, line 709]
Event: 52.415 Thread 0x68da3400 Exception <a 'sun/nio/fs/WindowsException'> (0x064979e0) thrown at [C:\workspace\8-2-build-windows-i586-cygwin\jdk8u144\9417\hotspot\src\share\vm\prims\jni.cpp, line 709]
Event: 52.425 Thread 0x68da3400 Exception <a 'sun/nio/fs/WindowsException'> (0x06498148) thrown at [C:\workspace\8-2-build-windows-i586-cygwin\jdk8u144\9417\hotspot\src\share\vm\prims\jni.cpp, line 709]
Event: 52.426 Thread 0x68da3400 Exception <a 'sun/nio/fs/WindowsException'> (0x064992b0) thrown at [C:\workspace\8-2-build-windows-i586-cygwin\jdk8u144\9417\hotspot\src\share\vm\prims\jni.cpp, line 709]
Event: 52.433 Thread 0x68da3400 Exception <a 'sun/nio/fs/WindowsException'> (0x06499a90) thrown at [C:\workspace\8-2-build-windows-i586-cygwin\jdk8u144\9417\hotspot\src\share\vm\prims\jni.cpp, line 709]
Event: 52.433 Thread 0x68da3400 Exception <a 'sun/nio/fs/WindowsException'> (0x0649aba8) thrown at [C:\workspace\8-2-build-windows-i586-cygwin\jdk8u144\9417\hotspot\src\share\vm\prims\jni.cpp, line 709]
Event: 52.438 Thread 0x68da3400 Exception <a 'sun/nio/fs/WindowsException'> (0x0649b360) thrown at [C:\workspace\8-2-build-windows-i586-cygwin\jdk8u144\9417\hotspot\src\share\vm\prims\jni.cpp, line 709]

Events (10 events):
Event: 53.693 loading class com/android/builder/internal/aapt/v2/AaptV2CommandBuilder
Event: 53.693 loading class com/android/builder/internal/aapt/v2/AaptV2CommandBuilder done
Event: 53.695 loading class com/android/tools/aapt2/Aapt2Result
Event: 53.695 loading class com/android/tools/aapt2/Aapt2Result done
Event: 53.695 loading class com/android/tools/aapt2/Aapt2Result$Builder
Event: 53.695 loading class com/android/tools/aapt2/Aapt2Result$Builder done
Event: 53.695 loading class com/android/tools/aapt2/AutoValue_Aapt2Result$Builder
Event: 53.695 loading class com/android/tools/aapt2/AutoValue_Aapt2Result$Builder done
Event: 53.695 loading class com/android/tools/aapt2/AutoValue_Aapt2Result
Event: 53.695 loading class com/android/tools/aapt2/AutoValue_Aapt2Result done


Dynamic libraries:
0x00320000 - 0x00353000 	C:\Program Files (x86)\Java\jdk1.8.0_144\bin\java.exe
0x77cb0000 - 0x77e33000 	C:\windows\SYSTEM32\ntdll.dll
0x75fd0000 - 0x760b0000 	C:\windows\System32\KERNEL32.DLL
0x74920000 - 0x74ac1000 	C:\windows\System32\KERNELBASE.dll
0x746c0000 - 0x74752000 	C:\windows\system32\apphelp.dll
0x75f50000 - 0x75fc7000 	C:\windows\System32\ADVAPI32.dll
0x771d0000 - 0x7728e000 	C:\windows\System32\msvcrt.dll
0x764f0000 - 0x76531000 	C:\windows\System32\sechost.dll
0x77b10000 - 0x77bd1000 	C:\windows\System32\RPCRT4.dll
0x74770000 - 0x7478e000 	C:\windows\System32\SspiCli.dll
0x74760000 - 0x7476a000 	C:\windows\System32\CRYPTBASE.dll
0x770d0000 - 0x7712a000 	C:\windows\System32\bcryptPrimitives.dll
0x778b0000 - 0x77a0f000 	C:\windows\System32\USER32.dll
0x77130000 - 0x77145000 	C:\windows\System32\win32u.dll
0x74b30000 - 0x74b5b000 	C:\windows\System32\GDI32.dll
0x76380000 - 0x764da000 	C:\windows\System32\gdi32full.dll
0x70150000 - 0x7035a000 	C:\windows\WinSxS\x86_microsoft.windows.common-controls_6595b64144ccf1df_6.0.14393.953_none_89c2555adb023171\COMCTL32.dll
0x77650000 - 0x77861000 	C:\windows\System32\combase.dll
0x74830000 - 0x74910000 	C:\windows\System32\ucrtbase.dll
0x77870000 - 0x77895000 	C:\windows\System32\IMM32.DLL
0x77be0000 - 0x77c9f000 	C:\Program Files (x86)\Java\jdk1.8.0_144\jre\bin\msvcr100.dll
0x6ced0000 - 0x6d29e000 	C:\Program Files (x86)\Java\jdk1.8.0_144\jre\bin\client\jvm.dll
0x778a0000 - 0x778a6000 	C:\windows\System32\PSAPI.DLL
0x6e900000 - 0x6e908000 	C:\windows\SYSTEM32\WSOCK32.dll
0x73f60000 - 0x73f84000 	C:\windows\SYSTEM32\WINMM.dll
0x745f0000 - 0x745f8000 	C:\windows\SYSTEM32\VERSION.dll
0x011d0000 - 0x01233000 	C:\windows\System32\WS2_32.dll
0x73f30000 - 0x73f53000 	C:\windows\SYSTEM32\WINMMBASE.dll
0x012b0000 - 0x012e6000 	C:\windows\System32\cfgmgr32.dll
0x77ee0000 - 0x77eec000 	C:\Program Files (x86)\Java\jdk1.8.0_144\jre\bin\verify.dll
0x77eb0000 - 0x77ed1000 	C:\Program Files (x86)\Java\jdk1.8.0_144\jre\bin\java.dll
0x77e90000 - 0x77ea3000 	C:\Program Files (x86)\Java\jdk1.8.0_144\jre\bin\zip.dll
0x74b60000 - 0x75f38000 	C:\windows\System32\SHELL32.dll
0x76b50000 - 0x770be000 	C:\windows\System32\windows.storage.dll
0x761f0000 - 0x76235000 	C:\windows\System32\powrprof.dll
0x76330000 - 0x76376000 	C:\windows\System32\shlwapi.dll
0x75f40000 - 0x75f4d000 	C:\windows\System32\kernel.appcore.dll
0x76ac0000 - 0x76b48000 	C:\windows\System32\shcore.dll
0x74820000 - 0x7482f000 	C:\windows\System32\profapi.dll
0x77e70000 - 0x77e86000 	C:\Program Files (x86)\Java\jdk1.8.0_144\jre\bin\net.dll
0x743c0000 - 0x7440e000 	C:\windows\system32\mswsock.dll
0x77e60000 - 0x77e6f000 	C:\Program Files (x86)\Java\jdk1.8.0_144\jre\bin\nio.dll
0x77e40000 - 0x77e59000 	C:\Users\Administrator\.gradle\native\25\windows-i386\native-platform.dll
0x6f710000 - 0x6f71a000 	C:\Program Files (x86)\Java\jdk1.8.0_144\jre\bin\management.dll
0x732a0000 - 0x732b3000 	C:\windows\SYSTEM32\CRYPTSP.dll
0x731d0000 - 0x731ff000 	C:\windows\system32\rsaenh.dll
0x74560000 - 0x7457b000 	C:\windows\SYSTEM32\bcrypt.dll
0x746a0000 - 0x746ba000 	C:\windows\SYSTEM32\USERENV.dll
0x745a0000 - 0x745cf000 	C:\windows\SYSTEM32\IPHLPAPI.DLL
0x770c0000 - 0x770c7000 	C:\windows\System32\NSI.dll
0x73280000 - 0x73293000 	C:\windows\SYSTEM32\dhcpcsvc6.DLL
0x744d0000 - 0x744e4000 	C:\windows\SYSTEM32\dhcpcsvc.DLL
0x70850000 - 0x70878000 	C:\windows\SYSTEM32\ntmarta.dll
0x6bb40000 - 0x6bb58000 	C:\Users\Administrator\AppData\Local\Temp\aapt2_6839859188536049784\libwinpthread-1.dll
0x6bb60000 - 0x6be25000 	C:\Users\Administrator\AppData\Local\Temp\aapt2_6839859188536049784\libaapt2_jni.dll
0x73530000 - 0x73675000 	C:\windows\SYSTEM32\dbghelp.dll

VM Arguments:
jvm_args: -Xmx1536m -Dfile.encoding=GBK -Duser.country=CN -Duser.language=zh -Duser.variant 
java_command: org.gradle.launcher.daemon.bootstrap.GradleDaemon 4.1
java_class_path (initial): C:\Users\Administrator\.gradle\wrapper\dists\gradle-4.1-all\38gmb0xnu6gupohgu61ilzbig\gradle-4.1\lib\gradle-launcher-4.1.jar
Launcher Type: SUN_STANDARD

Environment Variables:
JAVA_HOME=C:\Program Files (x86)\Java\jdk1.8.0_144
CLASSPATH=C:\Users\Administrator\.gradle\wrapper\dists\gradle-4.1-all\38gmb0xnu6gupohgu61ilzbig\gradle-4.1\bin\..\lib\gradle-launcher-4.1.jar
PATH=C:\ProgramData\Oracle\Java\javapath;C:\Program Files (x86)\Java\jdk1.8.0_144\bin;C:\Program Files (x86)\Java\jdk1.8.0_144\jre\bin;C:\Program Files\Git\cmd;C:\Program Files\TortoiseSVN\bin;C:\Windows\SysWOW64;C:\Users\Administrator\AppData\Local\Programs\Python\Python35\Scripts;C:\Users\Administrator\AppData\Local\Programs\Python\Python35;C:\Users\Administrator\AppData\Local\Programs\Python\Python35\Lib\site-packages;C:\Users\Administrator\.gradle\wrapper\dists\gradle-4.1-all\38gmb0xnu6gupohgu61ilzbig\gradle-4.1\bin;C:\Users\Administrator\AppData\Local\Microsoft\WindowsApps;
USERNAME=Administrator
OS=Windows_NT
PROCESSOR_IDENTIFIER=Intel64 Family 6 Model 158 Stepping 9, GenuineIntel



---------------  S Y S T E M  ---------------

OS: Windows 10.0 , 64 bit Build 14393 (10.0.14393.1198)

CPU:total 4 (initial active 4) (4 cores per cpu, 1 threads per core) family 6 model 158 stepping 9, cmov, cx8, fxsr, mmx, sse, sse2, sse3, ssse3, sse4.1, sse4.2, popcnt, avx, avx2, aes, clmul, erms, rtm, 3dnowpref, lzcnt, tsc, tscinvbit, bmi1, bmi2, adx

Memory: 4k page, physical 16734912k(7318520k free), swap 23288512k(10346168k free)

vm_info: Java HotSpot(TM) Client VM (25.144-b01) for windows-x86 JRE (1.8.0_144-b01), built on Jul 21 2017 21:58:05 by "java_re" with MS VC++ 10.0 (VS2010)

time: Wed Sep 27 10:34:50 2017
elapsed time: 53 seconds (0d 0h 0m 53s)

